生成启动时间为 2018/5/3 21:46:25。
     1>项目“E:\有用的技术\手写识别\InkPicture\InkPicture\InkPicture.vcxproj”在节点 2 上(Build 个目标)。
     1>ClCompile:
         C:\Program Files (x86)\Microsoft Visual Studio 12.0\VC\bin\CL.exe /c /ZI /nologo /W3 /WX- /Od /Oy- /D WIN32 /D _WINDOWS /D _DEBUG /D _UNICODE /D UNICODE /Gm /EHsc /RTC1 /MTd /GS /fp:precise /Zc:wchar_t /Zc:forScope /Yc"stdafx.h" /Fp"Debug\InkPicture.pch" /Fo"Debug\\" /Fd"Debug\vc120.pdb" /Gd /TP /analyze- /errorReport:prompt stdafx.cpp
         stdafx.cpp
         C:\Program Files (x86)\Microsoft Visual Studio 12.0\VC\bin\CL.exe /c /ZI /nologo /W3 /WX- /Od /Oy- /D WIN32 /D _WINDOWS /D _DEBUG /D _UNICODE /D UNICODE /Gm /EHsc /RTC1 /MTd /GS /fp:precise /Zc:wchar_t /Zc:forScope /Yu"stdafx.h" /Fp"Debug\InkPicture.pch" /Fo"Debug\\" /Fd"Debug\vc120.pdb" /Gd /TP /analyze- /errorReport:prompt InkPicture.cpp InkPictureDlg.cpp
         InkPictureDlg.cpp
     1>e:\有用的技术\手写识别\inkpicture\inkpicture\inkpicturedlg.cpp(183): warning C4244: “初始化”: 从“int”转换到“float”，可能丢失数据
         InkPicture.cpp
         正在生成代码...
       ResourceCompile:
         C:\Program Files (x86)\Windows Kits\8.1\bin\x86\rc.exe /D _DEBUG /D _UNICODE /D UNICODE /l"0x0804" /IDebug\ /nologo /fo"Debug\InkPicture.res" InkPicture.rc 
       Link:
         C:\Program Files (x86)\Microsoft Visual Studio 12.0\VC\bin\link.exe /ERRORREPORT:PROMPT /OUT:"E:\有用的技术\手写识别\InkPicture\Debug\InkPicture.exe" /INCREMENTAL /NOLOGO /MANIFEST /MANIFESTUAC:"level='asInvoker' uiAccess='false'" /manifest:embed /manifestinput:"C:\Program Files (x86)\Microsoft Visual Studio 12.0\VC\Include\Manifest\dpiaware.manifest" /DEBUG /PDB:"E:\有用的技术\手写识别\InkPicture\Debug\InkPicture.pdb" /SUBSYSTEM:WINDOWS /TLBID:1 /ENTRY:"wWinMainCRTStartup" /DYNAMICBASE /NXCOMPAT /IMPLIB:"E:\有用的技术\手写识别\InkPicture\Debug\InkPicture.lib" /MACHINE:X86 Debug\InkPicture.res
         Debug\InkPicture.obj
         Debug\InkPictureDlg.obj
         Debug\stdafx.obj
         InkPicture.vcxproj -> E:\有用的技术\手写识别\InkPicture\Debug\InkPicture.exe
     1>已完成生成项目“E:\有用的技术\手写识别\InkPicture\InkPicture\InkPicture.vcxproj”(Build 个目标)的操作。

生成成功。

已用时间 00:00:14.04
